<?xml version="1.0" encoding="UTF-8"?>
<!-- Generated by org.testng.reporters.JUnitReportReporter -->
<testsuite skipped="0" hostname="Win7-64bitSP1va" name="com.selenium.TestRunner" tests="1" failures="0" timestamp="03 Nov 2017 01:47:59 GMT" time="23.399" errors="0">
  <testcase name="feature" time="23.399" classname="com.selenium.TestRunner"/>
</testsuite> <!-- com.selenium.TestRunner -->
